<?xml version="1.0" encoding="UTF-8"?>
<testsuite xmlns:xsi="http://www.w3.org/2001/XMLSchema-instance" xsi:noNamespaceSchemaLocation="https://maven.apache.org/surefire/maven-surefire-plugin/xsd/surefire-test-report.xsd" name="TestSuite" time="26.404" tests="2" errors="0" skipped="0" failures="0">
  <properties>
[...]
</properties>
  <testcase name="testById" classname="per.cyj.selenium.element.ByIDTest" time="2.319"/>
  <testcase name="testByName" classname="per.cyj.selenium.element.ByNameTest" time="2.382"/>
</testsuite>